<?xml version="1.0" encoding="UTF-8"?>
<testsuite name="com.munchies_backend.spring_boot.MunchiesBackendApplicationTests" tests="1" skipped="0" failures="0" errors="0" timestamp="2025-02-11T19:02:24" hostname="Parmins-MBP-2" time="0.796">
  <properties/>
  <testcase name="contextLoads()" classname="com.munchies_backend.spring_boot.MunchiesBackendApplicationTests" time="0.796"/>
  <system-out><![CDATA[14:02:22.023 [Test worker] INFO org.springframework.test.context.support.AnnotationConfigContextLoaderUtils -- Could not detect default configuration classes for test class [com.munchies_backend.spring_boot.MunchiesBackendApplicationTests]: MunchiesBackendApplicationTests does not declare any static, non-private, non-final, nested classes annotated with @Configuration.
14:02:22.182 [Test worker] INFO org.springframework.boot.test.context.SpringBootTestContextBootstrapper -- Found @SpringBootConfiguration com.munchies_backend.spring_boot.MunchiesBackendApplication for test class com.munchies_backend.spring_boot.MunchiesBackendApplicationTests

  .   ____          _            __ _ _
 /\\ / ___'_ __ _ _(_)_ __  __ _ \ \ \ \
( ( )\___ | '_ | '_| | '_ \/ _` | \ \ \ \
 \\/  ___)| |_)| | | | | || (_| |  ) ) ) )
  '  |____| .__|_| |_|_| |_\__, | / / / /
 =========|_|==============|___/=/_/_/_/

 :: Spring Boot ::                (v3.4.2)

2025-02-11T14:02:22.724-05:00  INFO 40145 --- [munchies-backend] [    Test worker] c.m.s.MunchiesBackendApplicationTests    : Starting MunchiesBackendApplicationTests using Java 17.0.12 with PID 40145 (started by parmin in /Users/parmin/StudioProjects/team16-android-aces/backend)
2025-02-11T14:02:22.726-05:00  INFO 40145 --- [munchies-backend] [    Test worker] c.m.s.MunchiesBackendApplicationTests    : No active profile set, falling back to 1 default profile: "default"
2025-02-11T14:02:24.398-05:00  INFO 40145 --- [munchies-backend] [    Test worker] c.m.s.MunchiesBackendApplicationTests    : Started MunchiesBackendApplicationTests in 2.005 seconds (process running for 3.673)
]]></system-out>
  <system-err><![CDATA[]]></system-err>
</testsuite>
